d:\users\leo\desktop\tec de monterrey\segundo semestre\tercer bloque\poo\proyecto_final\debug\vc142.pdb
d:\users\leo\desktop\tec de monterrey\segundo semestre\tercer bloque\poo\proyecto_final\debug\vc142.idb
d:\users\leo\desktop\tec de monterrey\segundo semestre\tercer bloque\poo\proyecto_final\debug\temporada.obj
d:\users\leo\desktop\tec de monterrey\segundo semestre\tercer bloque\poo\proyecto_final\debug\serie.obj
d:\users\leo\desktop\tec de monterrey\segundo semestre\tercer bloque\poo\proyecto_final\debug\proyecto_final.obj
d:\users\leo\desktop\tec de monterrey\segundo semestre\tercer bloque\poo\proyecto_final\debug\platforma.obj
d:\users\leo\desktop\tec de monterrey\segundo semestre\tercer bloque\poo\proyecto_final\debug\pelicula.obj
d:\users\leo\desktop\tec de monterrey\segundo semestre\tercer bloque\poo\proyecto_final\debug\capitulo.obj
d:\users\leo\desktop\tec de monterrey\segundo semestre\tercer bloque\poo\proyecto_final\debug\video.obj
d:\users\leo\desktop\tec de monterrey\segundo semestre\tercer bloque\poo\proyecto_final\debug\proyecto_final.exe
d:\users\leo\desktop\tec de monterrey\segundo semestre\tercer bloque\poo\proyecto_final\debug\proyecto_final.ilk
d:\users\leo\desktop\tec de monterrey\segundo semestre\tercer bloque\poo\proyecto_final\debug\proyecto_final.pdb
d:\users\leo\desktop\tec de monterrey\segundo semestre\tercer bloque\poo\proyecto_final\debug\main.obj
d:\users\leo\desktop\tec de monterrey\segundo semestre\tercer bloque\poo\proyecto_final\debug\proyecto_final.obj.enc
d:\users\leo\desktop\tec de monterrey\segundo semestre\tercer bloque\poo\proyecto_final\debug\proyecto_final.tlog\cl.command.1.tlog
d:\users\leo\desktop\tec de monterrey\segundo semestre\tercer bloque\poo\proyecto_final\debug\proyecto_final.tlog\cl.read.1.tlog
d:\users\leo\desktop\tec de monterrey\segundo semestre\tercer bloque\poo\proyecto_final\debug\proyecto_final.tlog\cl.write.1.tlog
d:\users\leo\desktop\tec de monterrey\segundo semestre\tercer bloque\poo\proyecto_final\debug\proyecto_final.tlog\link.command.1.tlog
d:\users\leo\desktop\tec de monterrey\segundo semestre\tercer bloque\poo\proyecto_final\debug\proyecto_final.tlog\link.read.1.tlog
d:\users\leo\desktop\tec de monterrey\segundo semestre\tercer bloque\poo\proyecto_final\debug\proyecto_final.tlog\link.write.1.tlog
